
  =======================================================================================================
       _______                                                                                       
      /  ___   \   _  __      ____   ____   __  ___  __  __   __    ___   ______  ____    ___         
     /  /   /  |  | |/_/     / __/  /  _/  /  |/  / / / / /  / /   / _ | /_  __/ / __ \  / _ \        
    /  /___/  /  _>  <      _\ \   _/ /   / /|_/ / / /_/ /  / /__ / __ |  / /   / /_/ / / , _/        
    \______/\__\ /_/|_|    /___/  /___/  /_/  /_/  \____/  /____//_/ |_| /_/    \____/ /_/|_|         
                                                                                              [v0.1 beta]
  _______________________________________________________________________________________________________
  [version 0.1 beta - Nader Khammassi - TU Delft, QuTech - 2016 - report bugs to: n.khammassi@tudelft.nl]
  [released under Apache License 2.0 terms, license copy at:  http://www.apache.org/licenses/LICENSE-2.0]
  ======================================================================================================= 

[+] loading circuit from 'hamiltonian_averaging.qc' ...
[-] loading quantum_code file 'hamiltonian_averaging.qc'...
[+] code loaded successfully. 
[+] initializing xpu...
[+] initialized.
[+] creating quantum register of 2 qubits... 
[+] executing circuit 'default' (1 iter) ...
--------------[quantum state]-------------- 
   (+1.000000,+0.000000) |00> +
------------------------------------------- 
[>>] measurement prediction:  | 0 | 0 |
------------------------------------------- 
[>>] measurement register  :  | 0 | 0 |
------------------------------------------- 
--------------[quantum state]-------------- 
   (+1.000000,+0.000000) |11> +
------------------------------------------- 
[>>] measurement prediction:  | 1 | 1 |
------------------------------------------- 
[>>] measurement register  :  | 0 | 0 |
------------------------------------------- 
--------------[quantum state]-------------- 
   (+0.707107,+0.000000) |10> +
   (-0.707107,+0.000000) |11> +
------------------------------------------- 
[>>] measurement prediction:  | 1 | X |
------------------------------------------- 
[>>] measurement register  :  | 0 | 0 |
------------------------------------------- 
--------------[quantum state]-------------- 
   (+0.500000,+0.000000) |00> +
   (-0.500000,+0.000000) |01> +
   (-0.500000,+0.000000) |10> +
   (+0.500000,+0.000000) |11> +
------------------------------------------- 
[>>] measurement prediction:  | X | X |
------------------------------------------- 
[>>] measurement register  :  | 0 | 0 |
------------------------------------------- 
--------------[quantum state]-------------- 
   (-1.000000,+0.000000) |01> +
------------------------------------------- 
[>>] measurement prediction:  | 0 | 1 |
------------------------------------------- 
[>>] measurement register  :  | 0 | 1 |
------------------------------------------- 
[+] circuit execution time: +0.000399 sec.
